2025-08-12 04:14:37|   0.0|  0.0|INFORM|FME 2020.0.0.0 (20200309 - Build 20200 - WIN64)
2025-08-12 04:14:37|   0.0|  0.0|INFORM|FME_HOME is 'C:\Program Files\FME\'
2025-08-12 04:14:37|   0.0|  0.0|INFORM|FME Desktop Smallworld Edition (floating)
2025-08-12 04:14:37|   0.0|  0.0|INFORM|Permanent License.
2025-08-12 04:14:37|   0.0|  0.0|INFORM|Machine host name is: Prasad_Asus_PC
2025-08-12 04:14:37|   0.0|  0.0|INFORM|START - ProcessID: 5888, peak process memory usage: 36172 kB, current process memory usage: 36172 kB
2025-08-12 04:14:37|   0.0|  0.0|INFORM|FME Configuration: Command line arguments are `C:\Program Files\FME\fme.exe' `C:/Users/Prasa/Documents/PROJECTS (C)/P030/Automated-End-to-End-ETL-Workflow-for-European-Air-Traffic-Data-Lake-Creation-Using-FME/fme_workflow\wb-xlate-1754964877205_22164' `LOG_STANDARDOUT' `YES' `LogCountServerName' `{1483b438-543d-4523-87c0-1735766789ec}'
2025-08-12 04:14:37|   0.0|  0.0|INFORM|FME Configuration: Connection Storage: 'C:\Users\Prasa\AppData\Roaming\Safe Software\FME\'
2025-08-12 04:14:38|   0.3|  0.3|INFORM|Shared folders for formats are : C:\Program Files\FME\datasources;C:\Users\Prasa\Documents\FME\Formats
2025-08-12 04:14:38|   0.3|  0.0|INFORM|Shared folders for transformers are : C:\Users\Prasa\AppData\Roaming\Safe Software\FME\Packages\20200-win64\transformers;C:\Program Files\FME\transformers
2025-08-12 04:14:38|   0.3|  0.0|INFORM|Shared folders for coordinate systems are : C:\Users\Prasa\Documents\FME\CoordinateSystems
2025-08-12 04:14:38|   0.3|  0.0|INFORM|Shared folders for coordinate system exceptions are : C:\Users\Prasa\Documents\FME\CoordinateSystemExceptions
2025-08-12 04:14:38|   0.3|  0.0|INFORM|Shared folders for coordinate system grid overrides are : C:\Users\Prasa\Documents\FME\CoordinateSystemGridOverrides
2025-08-12 04:14:38|   0.3|  0.0|INFORM|Shared folders for CS-MAP transformation exceptions are : C:\Users\Prasa\Documents\FME\CsmapTransformationExceptions
2025-08-12 04:14:38|   0.3|  0.0|INFORM|Shared folders for transformer categories are : C:\Users\Prasa\Documents\FME\TransformerCategories
2025-08-12 04:14:38|   0.3|  0.0|INFORM|FME Configuration: Reader Keyword is `MULTI_READER'
2025-08-12 04:14:38|   0.3|  0.0|INFORM|FME Configuration: Writer Keyword is `NULL_DEST'
2025-08-12 04:14:38|   0.3|  0.0|INFORM|FME Configuration: Writer Group Definition Keyword is `NULL_DEST_DEF'
2025-08-12 04:14:38|   0.3|  0.0|INFORM|FME Configuration: Reader type is `MULTI_READER'
2025-08-12 04:14:38|   0.3|  0.0|INFORM|FME Configuration: Writer type is `NULL'
2025-08-12 04:14:38|   0.3|  0.0|INFORM|FME Configuration: No destination coordinate system set
2025-08-12 04:14:38|   0.3|  0.0|INFORM|FME Configuration: Current working folder is `C:\Users\Prasa\Documents\PROJECTS (C)\P030\Automated-End-to-End-ETL-Workflow-for-European-Air-Traffic-Data-Lake-Creation-Using-FME\fme_workflow'
2025-08-12 04:14:38|   0.3|  0.0|INFORM|FME Configuration: Temporary folder is `C:\Users\Prasa\AppData\Local\Temp', set from environment variable `TEMP'
2025-08-12 04:14:38|   0.3|  0.0|INFORM|FME Configuration: FME_HOME is `C:\Program Files\FME\'
2025-08-12 04:14:38|   0.3|  0.0|INFORM|FME Configuration: FME_BASE is 'no'
2025-08-12 04:14:38|   0.3|  0.0|INFORM|FME Configuration: FME_MF_DIR is 'C:\Users\Prasa\Documents\PROJECTS (C)\P030\Automated-End-to-End-ETL-Workflow-for-European-Air-Traffic-Data-Lake-Creation-Using-FME\fme_workflow/'
2025-08-12 04:14:38|   0.3|  0.0|INFORM|FME Configuration: FME_MF_NAME is 'airline_schedule.fmw'
2025-08-12 04:14:38|   0.3|  0.0|INFORM|FME Configuration: FME_PRODUCT_NAME is 'FME(R) 2020.0.0.0'
2025-08-12 04:14:38|   0.3|  0.0|INFORM|System Status: 106.29 GB of disk space available in the FME temporary folder (C:\Users\Prasa\AppData\Local\Temp)
2025-08-12 04:14:38|   0.3|  0.0|INFORM|System Status: 15.40 GB of physical memory available
2025-08-12 04:14:38|   0.3|  0.0|INFORM|System Status: 61.61 GB of virtual memory available
2025-08-12 04:14:38|   0.3|  0.0|INFORM|Operating System: Microsoft Windows 10 64-bit  (Build 26100)
2025-08-12 04:14:38|   0.3|  0.0|INFORM|FME Platform: WIN64
2025-08-12 04:14:38|   0.3|  0.0|INFORM|Locale: en_US
2025-08-12 04:14:38|   0.3|  0.0|INFORM|System Encoding: windows-1252
2025-08-12 04:14:38|   0.3|  0.0|INFORM|FME Configuration: Start freeing memory when the process exceeds 46.21 GB
2025-08-12 04:14:38|   0.3|  0.0|INFORM|FME Configuration: Stop freeing memory when the process is below 34.66 GB
2025-08-12 04:14:38|   0.3|  0.0|INFORM|Creating writer for format: NULL (Nothing)
2025-08-12 04:14:38|   0.3|  0.0|INFORM|Trying to find a DYNAMIC plugin for writer named `NULL'
2025-08-12 04:14:38|   0.3|  0.0|INFORM|Loaded module 'NULL' from file 'C:\Program Files\FME\plugins/NULL.dll'
2025-08-12 04:14:38|   0.3|  0.0|INFORM|FME API version of module 'NULL' matches current internal version (3.8 20200115)
2025-08-12 04:14:38|   0.3|  0.0|INFORM|Creating reader for format: 
2025-08-12 04:14:38|   0.3|  0.0|INFORM|MULTI_READER(MULTI_READER): Will fail with first member reader failure
2025-08-12 04:14:38|   0.3|  0.0|INFORM|Using Multi Reader with keyword `MULTI_READER' to read multiple datasets
2025-08-12 04:14:38|   0.3|  0.0|INFORM|FME API version of module 'NULL' matches current internal version (3.8 20200115)
2025-08-12 04:14:38|   0.3|  0.0|INFORM|FME API version of module 'NULL' matches current internal version (3.8 20200115)
2025-08-12 04:14:38|   0.3|  0.0|INFORM|Loaded module 'LogCount_func' from file 'C:\Program Files\FME\plugins/LogCount_func.dll'
2025-08-12 04:14:38|   0.3|  0.0|INFORM|FME API version of module 'LogCount_func' matches current internal version (3.8 20200115)
2025-08-12 04:14:38|   0.3|  0.0|INFORM|Emptying factory pipeline
2025-08-12 04:14:38|   0.3|  0.0|STATS |Router and Unexpected Input Remover (RoutingFactory): Tested 0 input feature(s), wrote 0 output feature(s): 0 matched merge filters, 0 were routed to output, 0 could not be routed.
2025-08-12 04:14:38|   0.3|  0.0|STATS |Unexpected Input Remover Nuker (TeeFactory): Cloned 0 input feature(s) into 0 output feature(s)
2025-08-12 04:14:38|   0.3|  0.0|STATS |EUCountries_Airports(GEOJSON_1) Splitter (TeeFactory): Cloned 0 input feature(s) into 0 output feature(s)
2025-08-12 04:14:38|   0.3|  0.0|STATS |EUCountries_Airports_GEOJSON_1 Feature Counter -1 54 (TeeFactory): Cloned 0 input feature(s) into 0 output feature(s)
2025-08-12 04:14:38|   0.3|  0.0|STATS |CSV(CSV2_1) Splitter (TeeFactory): Cloned 0 input feature(s) into 0 output feature(s)
2025-08-12 04:14:38|   0.3|  0.0|STATS |Restoring 513 feature(s) from FME feature store file `C:\Users\Prasa\AppData\Local\Temp\wb-cache-airline_schedule-wrdwwk\Main_EUCountries_Airports -1 151 -1  0  6ffbd0240ee9bd556f818ab1be2083171e1ade75.ffs'
2025-08-12 04:14:38|   0.3|  0.0|STATS |Storing feature(s) to FME feature store file `C:\Users\Prasa\AppData\Local\Temp\wb-cache-airline_schedule-wrdwwk\Main_Tester -1 4 fo 0 PASSED  0  79b9611fd4e06cfd5bc58ee2936412245d1664b7.ffsupdating'
2025-08-12 04:14:38|   0.3|  0.0|STATS |Storing feature(s) to FME feature store file `C:\Users\Prasa\AppData\Local\Temp\wb-cache-airline_schedule-wrdwwk\Main_Tester -1 4 fo 1 FAILED  0  ccd8dced57180e4b20724d3cade836a4a7cd807c.ffsupdating'
2025-08-12 04:14:38|   0.4|  0.1|INFORM|EUCountries_Airports_GEOJSON_1_-1_54_Player (RecorderFactory): Played back 513 feature(s) from file `C:\Users\Prasa\AppData\Local\Temp\wb-cache-airline_schedule-wrdwwk\Main_EUCountries_Airports -1 151 -1  0  6ffbd0240ee9bd556f818ab1be2083171e1ade75.ffs'
2025-08-12 04:14:38|   0.4|  0.0|STATS |Tester (TestFactory): Tested 513 input feature(s) -- 444 feature(s) passed and 69 feature(s) failed
2025-08-12 04:14:38|   0.4|  0.0|STATS |Stored 444 feature(s) to FME feature store file `C:\Users\Prasa\AppData\Local\Temp\wb-cache-airline_schedule-wrdwwk\Main_Tester -1 4 fo 0 PASSED  0  79b9611fd4e06cfd5bc58ee2936412245d1664b7.ffsupdating'
2025-08-12 04:14:38|   0.4|  0.0|INFORM|Saving spatial index into file 'C:\Users\Prasa\AppData\Local\Temp\wb-cache-airline_schedule-wrdwwk\Main_Tester -1 4 fo 0 PASSED  0  79b9611fd4e06cfd5bc58ee2936412245d1664b7.fsi'
2025-08-12 04:14:38|   0.4|  0.0|INFORM|Finished saving spatial index into file 'C:\Users\Prasa\AppData\Local\Temp\wb-cache-airline_schedule-wrdwwk\Main_Tester -1 4 fo 0 PASSED  0  79b9611fd4e06cfd5bc58ee2936412245d1664b7.fsi'
2025-08-12 04:14:38|   0.4|  0.0|STATS |Stored 69 feature(s) to FME feature store file `C:\Users\Prasa\AppData\Local\Temp\wb-cache-airline_schedule-wrdwwk\Main_Tester -1 4 fo 1 FAILED  0  ccd8dced57180e4b20724d3cade836a4a7cd807c.ffsupdating'
2025-08-12 04:14:38|   0.4|  0.0|INFORM|Saving spatial index into file 'C:\Users\Prasa\AppData\Local\Temp\wb-cache-airline_schedule-wrdwwk\Main_Tester -1 4 fo 1 FAILED  0  ccd8dced57180e4b20724d3cade836a4a7cd807c.fsi'
2025-08-12 04:14:38|   0.4|  0.0|INFORM|Finished saving spatial index into file 'C:\Users\Prasa\AppData\Local\Temp\wb-cache-airline_schedule-wrdwwk\Main_Tester -1 4 fo 1 FAILED  0  ccd8dced57180e4b20724d3cade836a4a7cd807c.fsi'
2025-08-12 04:14:38|   0.4|  0.0|STATS |Tester_PASSED Feature Counter -1 9 (TeeFactory): Cloned 444 input feature(s) into 444 output feature(s)
2025-08-12 04:14:38|   0.4|  0.0|STATS |Tester_FAILED Feature Counter -1 2147680260 (TeeFactory): Cloned 69 input feature(s) into 0 output feature(s)
2025-08-12 04:14:38|   0.4|  0.0|STATS |Destination Feature Type Routing Correlator (RoutingFactory): Tested 444 input feature(s), wrote 444 output feature(s): 0 matched merge filters, 0 were routed to output, 444 could not be routed.
2025-08-12 04:14:38|   0.4|  0.0|STATS |Final Output Nuker (TeeFactory): Cloned 444 input feature(s) into 0 output feature(s)
2025-08-12 04:14:38|   0.4|  0.0|WARN  |=-=-=-=-=-=-=-=-=-=-=-=-=-=-=-=-=-=-=-=-=-=-=-=-=-=-=-=-=-=-=-=-=-=-=-=-=-=-=-
2025-08-12 04:14:38|   0.4|  0.0|WARN  |      Features not written - verify feature type fanout/dynamic settings
2025-08-12 04:14:38|   0.4|  0.0|WARN  |=-=-=-=-=-=-=-=-=-=-=-=-=-=-=-=-=-=-=-=-=-=-=-=-=-=-=-=-=-=-=-=-=-=-=-=-=-=-=-
2025-08-12 04:14:38|   0.4|  0.0|WARN  |  (Check that fanout/dynamic feature type attribute exists and has a value)
2025-08-12 04:14:38|   0.4|  0.0|WARN  |=-=-=-=-=-=-=-=-=-=-=-=-=-=-=-=-=-=-=-=-=-=-=-=-=-=-=-=-=-=-=-=-=-=-=-=-=-=-=-
2025-08-12 04:14:38|   0.4|  0.0|WARN  |                                                                           444
2025-08-12 04:14:38|   0.4|  0.0|WARN  |==============================================================================
2025-08-12 04:14:38|   0.4|  0.0|WARN  |Total features not written                                                 444
2025-08-12 04:14:38|   0.4|  0.0|WARN  |=-=-=-=-=-=-=-=-=-=-=-=-=-=-=-=-=-=-=-=-=-=-=-=-=-=-=-=-=-=-=-=-=-=-=-=-=-=-=-
2025-08-12 04:14:38|   0.4|  0.0|STATS |=-=-=-=-=-=-=-=-=-=-=-=-=-=-=-=-=-=-=-=-=-=-=-=-=-=-=-=-=-=-=-=-=-=-=-=-=-=-=-
2025-08-12 04:14:38|   0.4|  0.0|STATS |                            Features Read Summary
2025-08-12 04:14:38|   0.4|  0.0|STATS |=-=-=-=-=-=-=-=-=-=-=-=-=-=-=-=-=-=-=-=-=-=-=-=-=-=-=-=-=-=-=-=-=-=-=-=-=-=-=-
2025-08-12 04:14:38|   0.4|  0.0|STATS |==============================================================================
2025-08-12 04:14:38|   0.4|  0.0|STATS |Total Features Read                                                          0
2025-08-12 04:14:38|   0.4|  0.0|STATS |=-=-=-=-=-=-=-=-=-=-=-=-=-=-=-=-=-=-=-=-=-=-=-=-=-=-=-=-=-=-=-=-=-=-=-=-=-=-=-
2025-08-12 04:14:38|   0.4|  0.0|STATS |=-=-=-=-=-=-=-=-=-=-=-=-=-=-=-=-=-=-=-=-=-=-=-=-=-=-=-=-=-=-=-=-=-=-=-=-=-=-=-
2025-08-12 04:14:38|   0.4|  0.0|STATS |                           Features Written Summary
2025-08-12 04:14:38|   0.4|  0.0|STATS |=-=-=-=-=-=-=-=-=-=-=-=-=-=-=-=-=-=-=-=-=-=-=-=-=-=-=-=-=-=-=-=-=-=-=-=-=-=-=-
2025-08-12 04:14:38|   0.4|  0.0|STATS |==============================================================================
2025-08-12 04:14:38|   0.4|  0.0|STATS |Total Features Written                                                       0
2025-08-12 04:14:38|   0.4|  0.0|STATS |=-=-=-=-=-=-=-=-=-=-=-=-=-=-=-=-=-=-=-=-=-=-=-=-=-=-=-=-=-=-=-=-=-=-=-=-=-=-=-
2025-08-12 04:14:38|   0.4|  0.0|WARN  |-~-~-~-~-~-~-~-~-~-~-~-~-~-~-~-~-~-~-~-~-~-~-~-~-~-~-~-~-~-~-~-~-~-~-~-~-~-~-~-~-
2025-08-12 04:14:38|   0.4|  0.0|WARN  |-~                                                                             ~-
2025-08-12 04:14:38|   0.4|  0.0|WARN  |-~    Feature caches have been recorded at every stage of the translation.     ~-
2025-08-12 04:14:38|   0.4|  0.0|WARN  |-~                      To inspect the recorded features,                      ~-
2025-08-12 04:14:38|   0.4|  0.0|WARN  |-~              click the feature cache icons next to the ports.               ~-
2025-08-12 04:14:38|   0.4|  0.0|WARN  |-~                                                                             ~-
2025-08-12 04:14:38|   0.4|  0.0|WARN  |-~-~-~-~-~-~-~-~-~-~-~-~-~-~-~-~-~-~-~-~-~-~-~-~-~-~-~-~-~-~-~-~-~-~-~-~-~-~-~-~-
2025-08-12 04:14:38|   0.4|  0.0|INFORM|Translation was SUCCESSFUL with 16 warning(s) (0 feature(s) output)
2025-08-12 04:14:38|   0.4|  0.0|INFORM|FME Session Duration: 0.5 seconds. (CPU: 0.1s user, 0.1s system)
2025-08-12 04:14:38|   0.4|  0.0|INFORM|END - ProcessID: 5888, peak process memory usage: 45204 kB, current process memory usage: 45204 kB
